<?xml version="1.0" encoding="UTF-8" ?>
<!DOCTYPE beans PUBLIC "-//SPRING//DTD BEAN//EN" 
 "http://www.springframework.org/dtd/spring-beans-2.0.dtd" >
<beans>


	<import resource="classpath:config/spring/snowflake-lib-xgit-vfs.xml" />


	<bean id='com.boluozhai.snowflake.appdata.AppDataAgent'
		class='com.boluozhai.snowflake.appdata.support.DefaultAppDataAgent' />


	<bean id='data-config'
		class='com.boluozhai.snowflake.datatable.support.DefaultDataClientConfiguration'>


		<property name="dataSource">
			<bean class='com.boluozhai.snowflake.datatable.DataSource'>
				<property name="location">
					<value>abcd:efg</value>
				</property>
			</bean>
		</property>


		<property name="driver">
			<bean class='com.boluozhai.snowflake.datatable.support.DefaultDriver'></bean>
		</property>


		<property name="tables">
			<map>

				<entry key='TestingObject'>
					<bean parent="table-meta-parent">
						<property name="name">
							<value>TESTING_OBJECT</value>
						</property>
						<property name="prototype">
							<bean class='com.boluozhai.snowflake.datatable.pojo.TestingPOJO' />
						</property>
					</bean>
				</entry>

				<entry key='TestingA'>
					<bean parent="table-meta-parent">
						<property name="prototype">
							<bean class='com.boluozhai.snowflake.datatable.pojo.TestingA' />
						</property>
					</bean>
				</entry>

				<entry key='TestingB'>
					<bean parent="table-meta-parent">
						<property name="prototype">
							<bean class='com.boluozhai.snowflake.datatable.pojo.TestingB' />
						</property>
					</bean>
				</entry>

			</map>
		</property>


	</bean>

	<bean id='table-meta-parent' class='com.boluozhai.snowflake.datatable.TableMeta'></bean>


</beans>
