<?xml version="1.0" encoding="UTF-8" ?>
<!DOCTYPE beans PUBLIC "-//SPRING//DTD BEAN//EN" 
 "http://www.springframework.org/dtd/spring-beans-2.0.dtd" >
<beans>


	<import resource="classpath:config/spring/snowflake-lib-xgit-vfs.xml" />


	<bean id='com.boluozhai.snowflake.appdata.AppDataAgent'
		class='com.boluozhai.snowflake.appdata.support.DefaultAppDataAgent' />


	<bean id='data-config'
		class='com.boluozhai.snowflake.datatable.support.DefaultDataClientConfiguration'>


		<property name="dataSource">
			<bean class='com.boluozhai.snowflake.datatable.DataSource'>
				<property name="location">
					<value>abcd:efg</value>
				</property>
			</bean>
		</property>


		<property name="driver">
			<bean class='com.boluozhai.snowflake.datatable.support.DefaultDriver'></bean>
		</property>


		<property name="types">
			<ref bean='datatable:type:mapping' />
		</property>


	</bean>


	<!-- types -->

	<bean id='datatable:type:mapping'
		class='com.boluozhai.snowflake.datatable.mapping.TypeMappingConfig'>
		<property name="models">
			<map>
				<entry key='TESTING_OBJECT'>
					<bean class='com.boluozhai.snowflake.datatable.pojo.TestingPOJO' />
				</entry>
				<entry key='TestingA'>
					<bean class='com.boluozhai.snowflake.datatable.pojo.TestingA' />
				</entry>
				<entry key='TestingB'>
					<bean class='com.boluozhai.snowflake.datatable.pojo.TestingB' />
				</entry>
			</map>
		</property>
	</bean>


</beans>
