<?xml version="1.0" encoding="UTF-8" ?>
<!DOCTYPE beans PUBLIC "-//SPRING//DTD BEAN//EN" 
 "http://www.springframework.org/dtd/spring-beans-2.0.dtd" >
<beans>

	<bean id='com.boluozhai.snowflake.appdata.AppDataAgent'
		class='com.boluozhai.snowflake.appdata.support.DefaultAppDataAgent'></bean>

	<!-- bean id='com.boluozhai.snowflake.vfs.VFSFactory' class='com.boluozhai.snowflake.vfs.support.DefaultVFSFactory'></bean -->
	<!-- bean id='com.boluozhai.snowflake.vfs.io.VFSIOFactory' class='com.boluozhai.snowflake.vfs.support.DefaultVFSIOFactory'></bean -->

	<bean id='com.boluozhai.snowflake.xgit.repository.RepositoryManager'
		class='com.boluozhai.snowflake.xgit.support.DefaultRepositoryManager'>

		<property name="drivers">
			<map>
				<entry key="http">
					<ref bean="xgit:driver:http" />
				</entry>
				<entry key="https">
					<ref bean="xgit:driver:http" />
				</entry>
			</map>
		</property>

	</bean>

	<bean id='xgit:driver:http'
		class='com.boluozhai.snowflake.xgit.http.support.HttpRepositoryDriver'>
		<property name="profile">
			<ref bean='xgit:driver:http:profile' />
		</property>
	</bean>

	<bean id='xgit:driver:http:profile' class='com.boluozhai.snowflake.xgit.support.RepositoryProfile'>


		<property name="componentContext">
			<bean
				class='com.boluozhai.snowflake.xgit.http.support.HttpRepoContextFactory' />
		</property>


		<property name="components">
			<!-- in Map<String,ComponentBuilderFactory> -->
			<map>
				<entry key='repository'>
					<bean
						class='com.boluozhai.snowflake.xgit.http.support.HttpRepositoryFactory' />
				</entry>

				<entry key='config'>
					<bean class='com.boluozhai.snowflake.xgit.http.support.HttpConfigFactory' />
				</entry>

				<entry key='refs'>
					<bean
						class='com.boluozhai.snowflake.xgit.http.support.HttpRefsManagerFactory' />
				</entry>

				<entry key='objects'>
					<bean
						class='com.boluozhai.snowflake.xgit.http.support.HttpObjectBankFactory' />
				</entry>

				<entry key='client'>
					<bean
						class='com.boluozhai.snowflake.xgit.http.support.HttpGitClientFactory' />
				</entry>

			</map>
		</property>

		<property name="defaultProperties">
			<!-- in Map<String,String> -->
			<map>
				<entry key='xgit.hashalgorithm'>
					<value>SHA-1</value>
				</entry>
				<entry key='xgit.hashpathpattern'>
					<value>xx/xxxx</value>
				</entry>
			</map>
		</property>

		<property name="finalProperties">
			<!-- in Map<String,String> -->
			<map>
				<entry key='xgit.final'>
					<value>xxx</value>
				</entry>
			</map>
		</property>

		<property name="avaliableRepositoryDirectoryNames">
			<list>
				<value>.git</value>
				<value>.xgit</value>
				<value>.snow</value>
				<value>.snowflake</value>
			</list>
		</property>

	</bean>

</beans>
