<?xml version="1.0" encoding="UTF-8" ?>
<!DOCTYPE beans PUBLIC "-//SPRING//DTD BEAN//EN" 
 "http://www.springframework.org/dtd/spring-beans-2.0.dtd" >
<beans>

	<bean id='com.boluozhai.snowflake.appdata.AppDataAgent'
		class='com.boluozhai.snowflake.appdata.support.DefaultAppDataAgent'></bean>

	<bean id='com.boluozhai.snowflake.discovery.udp.HubBuilderFactory'
		class='com.boluozhai.snowflake.discovery.support.DefaultHubBuilderFactory'></bean>

</beans>
